  main.cpp
F:\Development\Projects\Visual Studio\GP\GamePhysicsExercises\Simulations\collisionDetect.h(28,23): warning C4244: 'initializing': conversion from 'double' to 'int', possible loss of data
F:\Development\Projects\Visual Studio\GP\GamePhysicsExercises\Simulations\collisionDetect.h(28,63): warning C4244: '+=': conversion from 'double' to 'int', possible loss of data
F:\Development\Projects\Visual Studio\GP\GamePhysicsExercises\Simulations\collisionDetect.h(31,76): warning C4244: 'argument': conversion from 'int' to 'float', possible loss of data
F:\Development\Projects\Visual Studio\GP\GamePhysicsExercises\Simulations\collisionDetect.h(125,21): warning C4018: '<': signed/unsigned mismatch
F:\Development\Projects\Visual Studio\GP\GamePhysicsExercises\Simulations\collisionDetect.h(127,21): warning C4018: '<': signed/unsigned mismatch
F:\Development\Projects\Visual Studio\GP\GamePhysicsExercises\Simulations\collisionDetect.h(144,21): warning C4018: '<': signed/unsigned mismatch
F:\Development\Projects\Visual Studio\GP\GamePhysicsExercises\Simulations\collisionDetect.h(230,21): warning C4018: '<': signed/unsigned mismatch
F:\Development\Projects\Visual Studio\GP\GamePhysicsExercises\Simulations\collisionDetect.h(259,21): warning C4018: '<': signed/unsigned mismatch
F:\Development\Projects\Visual Studio\GP\GamePhysicsExercises\Simulations\collisionDetect.h(282,21): warning C4018: '<': signed/unsigned mismatch
F:\Development\Projects\Visual Studio\GP\GamePhysicsExercises\Simulations\collisionDetect.h(307,21): warning C4018: '<': signed/unsigned mismatch
F:\Development\Projects\Visual Studio\GP\GamePhysicsExercises\Simulations\main.cpp(48,27): warning C4305: 'initializing': truncation from 'double' to 'float'
F:\Development\Projects\Visual Studio\GP\GamePhysicsExercises\Simulations\util\vectorbase.h(204,36): warning C4244: 'argument': conversion from 'const Scalar' to 'float', possible loss of data
          with
          [
              Scalar=GamePhysics::Real
          ]
F:\Development\Projects\Visual Studio\GP\GamePhysicsExercises\Simulations\util\vectorbase.h(203): message : while compiling class template member function 'DirectX::XMVECTOR GamePhysics::vector3Dim<GamePhysics::Real>::toDirectXVector(void) const'
F:\Development\Projects\Visual Studio\GP\GamePhysicsExercises\Simulations\DrawingUtilitiesClass.h(285): message : see reference to function template instantiation 'DirectX::XMVECTOR GamePhysics::vector3Dim<GamePhysics::Real>::toDirectXVector(void) const' being compiled
F:\Development\Projects\Visual Studio\GP\GamePhysicsExercises\Simulations\util\vectorbase.h(859): message : see reference to class template instantiation 'GamePhysics::vector3Dim<GamePhysics::Real>' being compiled
F:\Development\Projects\Visual Studio\GP\GamePhysicsExercises\Simulations\util\vectorbase.h(204,34): warning C4244: 'argument': conversion from 'const Scalar' to 'float', possible loss of data
          with
          [
              Scalar=GamePhysics::Real
          ]
F:\Development\Projects\Visual Studio\GP\GamePhysicsExercises\Simulations\util\vectorbase.h(204,32): warning C4244: 'argument': conversion from 'const Scalar' to 'float', possible loss of data
          with
          [
              Scalar=GamePhysics::Real
          ]
F:\Development\Projects\Visual Studio\GP\GamePhysicsExercises\Simulations\util\matrixbase.h(777,79): warning C4244: 'argument': conversion from 'Scalar' to 'float', possible loss of data
          with
          [
              Scalar=double
          ]
F:\Development\Projects\Visual Studio\GP\GamePhysicsExercises\Simulations\util\matrixbase.h(773): message : while compiling class template member function 'DirectX::XMMATRIX GamePhysics::matrix4x4<double>::toDirectXMatrix(void)'
F:\Development\Projects\Visual Studio\GP\GamePhysicsExercises\Simulations\DrawingUtilitiesClass.h(380): message : see reference to function template instantiation 'DirectX::XMMATRIX GamePhysics::matrix4x4<double>::toDirectXMatrix(void)' being compiled
F:\Development\Projects\Visual Studio\GP\GamePhysicsExercises\Simulations\DrawingUtilitiesClass.h(379): message : see reference to class template instantiation 'GamePhysics::matrix4x4<double>' being compiled
F:\Development\Projects\Visual Studio\GP\GamePhysicsExercises\Simulations\util\matrixbase.h(777,61): warning C4244: 'argument': conversion from 'Scalar' to 'float', possible loss of data
          with
          [
              Scalar=double
          ]
F:\Development\Projects\Visual Studio\GP\GamePhysicsExercises\Simulations\util\matrixbase.h(777,43): warning C4244: 'argument': conversion from 'Scalar' to 'float', possible loss of data
          with
          [
              Scalar=double
          ]
F:\Development\Projects\Visual Studio\GP\GamePhysicsExercises\Simulations\util\matrixbase.h(777,25): warning C4244: 'argument': conversion from 'Scalar' to 'float', possible loss of data
          with
          [
              Scalar=double
          ]
F:\Development\Projects\Visual Studio\GP\GamePhysicsExercises\Simulations\util\matrixbase.h(776,79): warning C4244: 'argument': conversion from 'Scalar' to 'float', possible loss of data
          with
          [
              Scalar=double
          ]
F:\Development\Projects\Visual Studio\GP\GamePhysicsExercises\Simulations\util\matrixbase.h(776,61): warning C4244: 'argument': conversion from 'Scalar' to 'float', possible loss of data
          with
          [
              Scalar=double
          ]
F:\Development\Projects\Visual Studio\GP\GamePhysicsExercises\Simulations\util\matrixbase.h(776,43): warning C4244: 'argument': conversion from 'Scalar' to 'float', possible loss of data
          with
          [
              Scalar=double
          ]
F:\Development\Projects\Visual Studio\GP\GamePhysicsExercises\Simulations\util\matrixbase.h(776,25): warning C4244: 'argument': conversion from 'Scalar' to 'float', possible loss of data
          with
          [
              Scalar=double
          ]
F:\Development\Projects\Visual Studio\GP\GamePhysicsExercises\Simulations\util\matrixbase.h(775,79): warning C4244: 'argument': conversion from 'Scalar' to 'float', possible loss of data
          with
          [
              Scalar=double
          ]
F:\Development\Projects\Visual Studio\GP\GamePhysicsExercises\Simulations\util\matrixbase.h(775,61): warning C4244: 'argument': conversion from 'Scalar' to 'float', possible loss of data
          with
          [
              Scalar=double
          ]
F:\Development\Projects\Visual Studio\GP\GamePhysicsExercises\Simulations\util\matrixbase.h(775,43): warning C4244: 'argument': conversion from 'Scalar' to 'float', possible loss of data
          with
          [
              Scalar=double
          ]
F:\Development\Projects\Visual Studio\GP\GamePhysicsExercises\Simulations\util\matrixbase.h(775,25): warning C4244: 'argument': conversion from 'Scalar' to 'float', possible loss of data
          with
          [
              Scalar=double
          ]
F:\Development\Projects\Visual Studio\GP\GamePhysicsExercises\Simulations\util\matrixbase.h(774,97): warning C4244: 'argument': conversion from 'Scalar' to 'float', possible loss of data
          with
          [
              Scalar=double
          ]
F:\Development\Projects\Visual Studio\GP\GamePhysicsExercises\Simulations\util\matrixbase.h(774,79): warning C4244: 'argument': conversion from 'Scalar' to 'float', possible loss of data
          with
          [
              Scalar=double
          ]
F:\Development\Projects\Visual Studio\GP\GamePhysicsExercises\Simulations\util\matrixbase.h(774,61): warning C4244: 'argument': conversion from 'Scalar' to 'float', possible loss of data
          with
          [
              Scalar=double
          ]
F:\Development\Projects\Visual Studio\GP\GamePhysicsExercises\Simulations\util\matrixbase.h(774,43): warning C4244: 'argument': conversion from 'Scalar' to 'float', possible loss of data
          with
          [
              Scalar=double
          ]
  Generating code
  Previous IPDB not found, fall back to full compilation.
  All 1532 functions were compiled because no usable IPDB/IOBJ from previous compilation was found.
  Finished generating code
  SimulationsRunner_2017.vcxproj -> F:\Development\Projects\Visual Studio\GP\GamePhysicsExercises\Win32\Release\SimulationsRunner_2017.exe
