  RigidBodySystemSimulator.cpp
F:\Development\Projects\Visual Studio\GP\Repo\Simulations\util\vectorbase.h(11,1): warning C4005: 'NOMINMAX': macro redefinition
F:\Development\Projects\Visual Studio\GP\Repo\Simulations\RigidBodySystemSimulator.cpp : message : see previous definition of 'NOMINMAX'
F:\Development\Projects\Visual Studio\GP\Repo\Simulations\RigidBodySystemSimulator.cpp(116,71): warning C4244: 'argument': conversion from 'int' to 'float', possible loss of data
F:\Development\Projects\Visual Studio\GP\Repo\Simulations\RigidBodySystemSimulator.cpp(145,21): warning C4018: '<': signed/unsigned mismatch
F:\Development\Projects\Visual Studio\GP\Repo\Simulations\RigidBodySystemSimulator.cpp(183,21): warning C4018: '<': signed/unsigned mismatch
F:\Development\Projects\Visual Studio\GP\Repo\Simulations\RigidBodySystemSimulator.cpp(209,14): warning C4244: 'initializing': conversion from 'Scalar' to 'float', possible loss of data
          with
          [
              Scalar=double
          ]
F:\Development\Projects\Visual Studio\GP\Repo\Simulations\util\quaternion.h(67,44): warning C4244: 'argument': conversion from 'const Scalar' to 'float', possible loss of data
          with
          [
              Scalar=GamePhysics::Real
          ]
F:\Development\Projects\Visual Studio\GP\Repo\Simulations\util\quaternion.h(66): message : while compiling class template member function 'GamePhysics::matrix4x4<double> GamePhysics::Quaternion<GamePhysics::Real>::getRotMat(void) const'
F:\Development\Projects\Visual Studio\GP\Repo\Simulations\RigidBodySystemSimulator.cpp(49): message : see reference to function template instantiation 'GamePhysics::matrix4x4<double> GamePhysics::Quaternion<GamePhysics::Real>::getRotMat(void) const' being compiled
F:\Development\Projects\Visual Studio\GP\Repo\Simulations\RigidBodySystemSimulator.h(20): message : see reference to class template instantiation 'GamePhysics::Quaternion<GamePhysics::Real>' being compiled
F:\Development\Projects\Visual Studio\GP\Repo\Simulations\util\quaternion.h(67,42): warning C4244: 'argument': conversion from 'const Scalar' to 'float', possible loss of data
          with
          [
              Scalar=GamePhysics::Real
          ]
F:\Development\Projects\Visual Studio\GP\Repo\Simulations\util\quaternion.h(67,40): warning C4244: 'argument': conversion from 'const Scalar' to 'float', possible loss of data
          with
          [
              Scalar=GamePhysics::Real
          ]
F:\Development\Projects\Visual Studio\GP\Repo\Simulations\util\quaternion.h(67,38): warning C4244: 'argument': conversion from 'const Scalar' to 'float', possible loss of data
          with
          [
              Scalar=GamePhysics::Real
          ]
F:\Development\Projects\Visual Studio\GP\Repo\Simulations\util\vectorbase.h(204,36): warning C4244: 'argument': conversion from 'const Scalar' to 'float', possible loss of data
          with
          [
              Scalar=GamePhysics::Real
          ]
F:\Development\Projects\Visual Studio\GP\Repo\Simulations\util\vectorbase.h(203): message : while compiling class template member function 'DirectX::XMVECTOR GamePhysics::vector3Dim<GamePhysics::Real>::toDirectXVector(void) const'
F:\Development\Projects\Visual Studio\GP\Repo\Simulations\DrawingUtilitiesClass.h(285): message : see reference to function template instantiation 'DirectX::XMVECTOR GamePhysics::vector3Dim<GamePhysics::Real>::toDirectXVector(void) const' being compiled
F:\Development\Projects\Visual Studio\GP\Repo\Simulations\util\vectorbase.h(859): message : see reference to class template instantiation 'GamePhysics::vector3Dim<GamePhysics::Real>' being compiled
F:\Development\Projects\Visual Studio\GP\Repo\Simulations\util\vectorbase.h(204,34): warning C4244: 'argument': conversion from 'const Scalar' to 'float', possible loss of data
          with
          [
              Scalar=GamePhysics::Real
          ]
F:\Development\Projects\Visual Studio\GP\Repo\Simulations\util\vectorbase.h(204,32): warning C4244: 'argument': conversion from 'const Scalar' to 'float', possible loss of data
          with
          [
              Scalar=GamePhysics::Real
          ]
F:\Development\Projects\Visual Studio\GP\Repo\Simulations\util\matrixbase.h(777,79): warning C4244: 'argument': conversion from 'Scalar' to 'float', possible loss of data
          with
          [
              Scalar=double
          ]
F:\Development\Projects\Visual Studio\GP\Repo\Simulations\util\matrixbase.h(773): message : while compiling class template member function 'DirectX::XMMATRIX GamePhysics::matrix4x4<double>::toDirectXMatrix(void)'
F:\Development\Projects\Visual Studio\GP\Repo\Simulations\DrawingUtilitiesClass.h(380): message : see reference to function template instantiation 'DirectX::XMMATRIX GamePhysics::matrix4x4<double>::toDirectXMatrix(void)' being compiled
F:\Development\Projects\Visual Studio\GP\Repo\Simulations\DrawingUtilitiesClass.h(379): message : see reference to class template instantiation 'GamePhysics::matrix4x4<double>' being compiled
F:\Development\Projects\Visual Studio\GP\Repo\Simulations\util\matrixbase.h(777,61): warning C4244: 'argument': conversion from 'Scalar' to 'float', possible loss of data
          with
          [
              Scalar=double
          ]
F:\Development\Projects\Visual Studio\GP\Repo\Simulations\util\matrixbase.h(777,43): warning C4244: 'argument': conversion from 'Scalar' to 'float', possible loss of data
          with
          [
              Scalar=double
          ]
F:\Development\Projects\Visual Studio\GP\Repo\Simulations\util\matrixbase.h(777,25): warning C4244: 'argument': conversion from 'Scalar' to 'float', possible loss of data
          with
          [
              Scalar=double
          ]
F:\Development\Projects\Visual Studio\GP\Repo\Simulations\util\matrixbase.h(776,79): warning C4244: 'argument': conversion from 'Scalar' to 'float', possible loss of data
          with
          [
              Scalar=double
          ]
F:\Development\Projects\Visual Studio\GP\Repo\Simulations\util\matrixbase.h(776,61): warning C4244: 'argument': conversion from 'Scalar' to 'float', possible loss of data
          with
          [
              Scalar=double
          ]
F:\Development\Projects\Visual Studio\GP\Repo\Simulations\util\matrixbase.h(776,43): warning C4244: 'argument': conversion from 'Scalar' to 'float', possible loss of data
          with
          [
              Scalar=double
          ]
F:\Development\Projects\Visual Studio\GP\Repo\Simulations\util\matrixbase.h(776,25): warning C4244: 'argument': conversion from 'Scalar' to 'float', possible loss of data
          with
          [
              Scalar=double
          ]
F:\Development\Projects\Visual Studio\GP\Repo\Simulations\util\matrixbase.h(775,79): warning C4244: 'argument': conversion from 'Scalar' to 'float', possible loss of data
          with
          [
              Scalar=double
          ]
F:\Development\Projects\Visual Studio\GP\Repo\Simulations\util\matrixbase.h(775,61): warning C4244: 'argument': conversion from 'Scalar' to 'float', possible loss of data
          with
          [
              Scalar=double
          ]
F:\Development\Projects\Visual Studio\GP\Repo\Simulations\util\matrixbase.h(775,43): warning C4244: 'argument': conversion from 'Scalar' to 'float', possible loss of data
          with
          [
              Scalar=double
          ]
F:\Development\Projects\Visual Studio\GP\Repo\Simulations\util\matrixbase.h(775,25): warning C4244: 'argument': conversion from 'Scalar' to 'float', possible loss of data
          with
          [
              Scalar=double
          ]
F:\Development\Projects\Visual Studio\GP\Repo\Simulations\util\matrixbase.h(774,97): warning C4244: 'argument': conversion from 'Scalar' to 'float', possible loss of data
          with
          [
              Scalar=double
          ]
F:\Development\Projects\Visual Studio\GP\Repo\Simulations\util\matrixbase.h(774,79): warning C4244: 'argument': conversion from 'Scalar' to 'float', possible loss of data
          with
          [
              Scalar=double
          ]
F:\Development\Projects\Visual Studio\GP\Repo\Simulations\util\matrixbase.h(774,61): warning C4244: 'argument': conversion from 'Scalar' to 'float', possible loss of data
          with
          [
              Scalar=double
          ]
F:\Development\Projects\Visual Studio\GP\Repo\Simulations\util\matrixbase.h(774,43): warning C4244: 'argument': conversion from 'Scalar' to 'float', possible loss of data
          with
          [
              Scalar=double
          ]
  Demo_2017.vcxproj -> F:\Development\Projects\Visual Studio\GP\Repo\Win32\Debug\Simulations.lib
