f:\development\projects\visual studio\gp\repo\win32\debug\simulations.pdb
f:\development\projects\visual studio\gp\repo\win32\debug\simulations.idb
f:\development\projects\visual studio\gp\repo\simulations\win32\debug\util.obj
f:\development\projects\visual studio\gp\repo\simulations\win32\debug\ffmpeg.obj
f:\development\projects\visual studio\gp\repo\simulations\win32\debug\templatesimulator.obj
f:\development\projects\visual studio\gp\gamephysicsexercises\win32\debug\simulations.pdb
f:\development\projects\visual studio\gp\gamephysicsexercises\win32\debug\simulations.idb
f:\development\projects\visual studio\gp\gamephysicsexercises\simulations\win32\debug\util.obj
f:\development\projects\visual studio\gp\gamephysicsexercises\simulations\win32\debug\ffmpeg.obj
f:\development\projects\visual studio\gp\gamephysicsexercises\simulations\win32\debug\templatesimulator.obj
f:\development\projects\visual studio\gp\gamephysicsexercises\simulations\win32\debug\rigidbodysystemsimulator.obj
f:\development\projects\visual studio\gp\gamephysicsexercises\simulations\win32\debug\massspringsystemsimulator.obj
f:\development\projects\visual studio\gp\gamephysicsexercises\simulations\win32\debug\rigidbodysystem.obj
f:\development\projects\visual studio\gp\gamephysicsexercises\simulations\win32\debug\rigidbody.obj
f:\development\projects\visual studio\gp\gamephysicsexercises\simulations\win32\debug\coupledsimulator.obj
f:\development\projects\visual studio\gp\repo\win32\debug\effect.fxo
f:\development\projects\visual studio\gp\gamephysicsexercises\win32\debug\effect.fxo
f:\development\projects\visual studio\gp\repo\win32\debug\simulations.lib
f:\development\projects\visual studio\gp\gamephysicsexercises\win32\debug\simulations.lib
f:\development\projects\visual studio\gp\gamephysicsexercises\simulations\win32\debug\simulations.tlog\cl.command.1.tlog
f:\development\projects\visual studio\gp\gamephysicsexercises\simulations\win32\debug\simulations.tlog\cl.read.1.tlog
f:\development\projects\visual studio\gp\gamephysicsexercises\simulations\win32\debug\simulations.tlog\cl.write.1.tlog
f:\development\projects\visual studio\gp\gamephysicsexercises\simulations\win32\debug\simulations.tlog\fxc.command.1.tlog
f:\development\projects\visual studio\gp\gamephysicsexercises\simulations\win32\debug\simulations.tlog\fxc.read.1.tlog
f:\development\projects\visual studio\gp\gamephysicsexercises\simulations\win32\debug\simulations.tlog\fxc.write.1.tlog
f:\development\projects\visual studio\gp\gamephysicsexercises\simulations\win32\debug\simulations.tlog\lib-link.read.1.tlog
f:\development\projects\visual studio\gp\gamephysicsexercises\simulations\win32\debug\simulations.tlog\lib-link.write.1.tlog
f:\development\projects\visual studio\gp\gamephysicsexercises\simulations\win32\debug\simulations.tlog\lib.command.1.tlog
