  DiffusionSimulator.cpp
F:\Development\Projects\Visual Studio\GP\GamePhysicsExercises\Simulations_Ex3\util\vectorbase.h(11,1): warning C4005: 'NOMINMAX': macro redefinition
F:\Development\Projects\Visual Studio\GP\GamePhysicsExercises\Simulations_Ex3\DiffusionSimulator.cpp : message : see previous definition of 'NOMINMAX'
  The contents of <format> are available only in c++latest mode with concepts support;
  see https://github.com/microsoft/STL/issues/1814 for details.
F:\Development\Projects\Visual Studio\GP\GamePhysicsExercises\Simulations_Ex3\DiffusionSimulator.cpp(24,17): warning C4018: '>=': signed/unsigned mismatch
F:\Development\Projects\Visual Studio\GP\GamePhysicsExercises\Simulations_Ex3\DiffusionSimulator.cpp(24,46): warning C4018: '>=': signed/unsigned mismatch
F:\Development\Projects\Visual Studio\GP\GamePhysicsExercises\Simulations_Ex3\DiffusionSimulator.cpp(25,27): warning C4018: '<': signed/unsigned mismatch
F:\Development\Projects\Visual Studio\GP\GamePhysicsExercises\Simulations_Ex3\DiffusionSimulator.cpp(36,17): warning C4018: '>=': signed/unsigned mismatch
F:\Development\Projects\Visual Studio\GP\GamePhysicsExercises\Simulations_Ex3\DiffusionSimulator.cpp(36,46): warning C4018: '>=': signed/unsigned mismatch
F:\Development\Projects\Visual Studio\GP\GamePhysicsExercises\Simulations_Ex3\DiffusionSimulator.cpp(37,27): warning C4018: '<': signed/unsigned mismatch
F:\Development\Projects\Visual Studio\GP\GamePhysicsExercises\Simulations_Ex3\DiffusionSimulator.cpp(215,41): warning C4244: 'argument': conversion from '_Ty' to 'float', possible loss of data
          with
          [
              _Ty=double
          ]
F:\Development\Projects\Visual Studio\GP\GamePhysicsExercises\Simulations_Ex3\DiffusionSimulator.cpp(314,9): warning C4101: 'b': unreferenced local variable
F:\Development\Projects\Visual Studio\GP\GamePhysicsExercises\Simulations_Ex3\DiffusionSimulator.cpp(356,36): warning C4244: 'argument': conversion from '_Ty' to 'float', possible loss of data
          with
          [
              _Ty=double
          ]
F:\Development\Projects\Visual Studio\GP\GamePhysicsExercises\Simulations_Ex3\DiffusionSimulator.cpp(456,53): warning C4244: 'argument': conversion from 'Real' to 'int', possible loss of data
F:\Development\Projects\Visual Studio\GP\GamePhysicsExercises\Simulations_Ex3\DiffusionSimulator.cpp(486,53): warning C4244: 'argument': conversion from 'Real' to 'int', possible loss of data
F:\Development\Projects\Visual Studio\GP\GamePhysicsExercises\Simulations_Ex3\DiffusionSimulator.cpp(532,13): warning C4244: 'initializing': conversion from 'double' to 'float', possible loss of data
F:\Development\Projects\Visual Studio\GP\GamePhysicsExercises\Simulations_Ex3\DiffusionSimulator.cpp(533,15): warning C4244: 'initializing': conversion from 'double' to 'float', possible loss of data
F:\Development\Projects\Visual Studio\GP\GamePhysicsExercises\Simulations_Ex3\util\vectorbase.h(204,36): warning C4244: 'argument': conversion from 'const Scalar' to 'float', possible loss of data
          with
          [
              Scalar=GamePhysics::Real
          ]
F:\Development\Projects\Visual Studio\GP\GamePhysicsExercises\Simulations_Ex3\util\vectorbase.h(203): message : while compiling class template member function 'DirectX::XMVECTOR GamePhysics::vector3Dim<GamePhysics::Real>::toDirectXVector(void) const'
F:\Development\Projects\Visual Studio\GP\GamePhysicsExercises\Simulations_Ex3\DrawingUtilitiesClass.h(285): message : see reference to function template instantiation 'DirectX::XMVECTOR GamePhysics::vector3Dim<GamePhysics::Real>::toDirectXVector(void) const' being compiled
F:\Development\Projects\Visual Studio\GP\GamePhysicsExercises\Simulations_Ex3\util\vectorbase.h(859): message : see reference to class template instantiation 'GamePhysics::vector3Dim<GamePhysics::Real>' being compiled
F:\Development\Projects\Visual Studio\GP\GamePhysicsExercises\Simulations_Ex3\util\vectorbase.h(204,34): warning C4244: 'argument': conversion from 'const Scalar' to 'float', possible loss of data
          with
          [
              Scalar=GamePhysics::Real
          ]
F:\Development\Projects\Visual Studio\GP\GamePhysicsExercises\Simulations_Ex3\util\vectorbase.h(204,32): warning C4244: 'argument': conversion from 'const Scalar' to 'float', possible loss of data
          with
          [
              Scalar=GamePhysics::Real
          ]
F:\Development\Projects\Visual Studio\GP\GamePhysicsExercises\Simulations_Ex3\pcgsolver.h(730,12): warning C4244: 'argument': conversion from '__int64' to 'const unsigned int', possible loss of data
F:\Development\Projects\Visual Studio\GP\GamePhysicsExercises\Simulations_Ex3\pcgsolver.h(722): message : while compiling class template member function 'void SparsePCGSolver<Real>::apply_preconditioner(const std::vector<double,std::allocator<double>> &,std::vector<double,std::allocator<double>> &,int)'
F:\Development\Projects\Visual Studio\GP\GamePhysicsExercises\Simulations_Ex3\pcgsolver.h(656): message : see reference to function template instantiation 'void SparsePCGSolver<Real>::apply_preconditioner(const std::vector<double,std::allocator<double>> &,std::vector<double,std::allocator<double>> &,int)' being compiled
F:\Development\Projects\Visual Studio\GP\GamePhysicsExercises\Simulations_Ex3\DiffusionSimulator.cpp(455): message : see reference to class template instantiation 'SparsePCGSolver<Real>' being compiled
F:\Development\Projects\Visual Studio\GP\GamePhysicsExercises\Simulations_Ex3\pcgsolver.h(730,19): warning C4244: 'argument': conversion from '__int64' to 'const unsigned int', possible loss of data
F:\Development\Projects\Visual Studio\GP\GamePhysicsExercises\Simulations_Ex3\pcgsolver.h(730,42): warning C4244: 'argument': conversion from '__int64' to 'const unsigned int', possible loss of data
F:\Development\Projects\Visual Studio\GP\GamePhysicsExercises\Simulations_Ex3\util\matrixbase.h(777,79): warning C4244: 'argument': conversion from 'Scalar' to 'float', possible loss of data
          with
          [
              Scalar=double
          ]
F:\Development\Projects\Visual Studio\GP\GamePhysicsExercises\Simulations_Ex3\util\matrixbase.h(773): message : while compiling class template member function 'DirectX::XMMATRIX GamePhysics::matrix4x4<double>::toDirectXMatrix(void)'
F:\Development\Projects\Visual Studio\GP\GamePhysicsExercises\Simulations_Ex3\DrawingUtilitiesClass.h(380): message : see reference to function template instantiation 'DirectX::XMMATRIX GamePhysics::matrix4x4<double>::toDirectXMatrix(void)' being compiled
F:\Development\Projects\Visual Studio\GP\GamePhysicsExercises\Simulations_Ex3\DrawingUtilitiesClass.h(379): message : see reference to class template instantiation 'GamePhysics::matrix4x4<double>' being compiled
F:\Development\Projects\Visual Studio\GP\GamePhysicsExercises\Simulations_Ex3\util\matrixbase.h(777,61): warning C4244: 'argument': conversion from 'Scalar' to 'float', possible loss of data
          with
          [
              Scalar=double
          ]
F:\Development\Projects\Visual Studio\GP\GamePhysicsExercises\Simulations_Ex3\util\matrixbase.h(777,43): warning C4244: 'argument': conversion from 'Scalar' to 'float', possible loss of data
          with
          [
              Scalar=double
          ]
F:\Development\Projects\Visual Studio\GP\GamePhysicsExercises\Simulations_Ex3\util\matrixbase.h(777,25): warning C4244: 'argument': conversion from 'Scalar' to 'float', possible loss of data
          with
          [
              Scalar=double
          ]
F:\Development\Projects\Visual Studio\GP\GamePhysicsExercises\Simulations_Ex3\util\matrixbase.h(776,79): warning C4244: 'argument': conversion from 'Scalar' to 'float', possible loss of data
          with
          [
              Scalar=double
          ]
F:\Development\Projects\Visual Studio\GP\GamePhysicsExercises\Simulations_Ex3\util\matrixbase.h(776,61): warning C4244: 'argument': conversion from 'Scalar' to 'float', possible loss of data
          with
          [
              Scalar=double
          ]
F:\Development\Projects\Visual Studio\GP\GamePhysicsExercises\Simulations_Ex3\util\matrixbase.h(776,43): warning C4244: 'argument': conversion from 'Scalar' to 'float', possible loss of data
          with
          [
              Scalar=double
          ]
F:\Development\Projects\Visual Studio\GP\GamePhysicsExercises\Simulations_Ex3\util\matrixbase.h(776,25): warning C4244: 'argument': conversion from 'Scalar' to 'float', possible loss of data
          with
          [
              Scalar=double
          ]
F:\Development\Projects\Visual Studio\GP\GamePhysicsExercises\Simulations_Ex3\util\matrixbase.h(775,79): warning C4244: 'argument': conversion from 'Scalar' to 'float', possible loss of data
          with
          [
              Scalar=double
          ]
F:\Development\Projects\Visual Studio\GP\GamePhysicsExercises\Simulations_Ex3\util\matrixbase.h(775,61): warning C4244: 'argument': conversion from 'Scalar' to 'float', possible loss of data
          with
          [
              Scalar=double
          ]
F:\Development\Projects\Visual Studio\GP\GamePhysicsExercises\Simulations_Ex3\util\matrixbase.h(775,43): warning C4244: 'argument': conversion from 'Scalar' to 'float', possible loss of data
          with
          [
              Scalar=double
          ]
F:\Development\Projects\Visual Studio\GP\GamePhysicsExercises\Simulations_Ex3\util\matrixbase.h(775,25): warning C4244: 'argument': conversion from 'Scalar' to 'float', possible loss of data
          with
          [
              Scalar=double
          ]
F:\Development\Projects\Visual Studio\GP\GamePhysicsExercises\Simulations_Ex3\util\matrixbase.h(774,97): warning C4244: 'argument': conversion from 'Scalar' to 'float', possible loss of data
          with
          [
              Scalar=double
          ]
F:\Development\Projects\Visual Studio\GP\GamePhysicsExercises\Simulations_Ex3\util\matrixbase.h(774,79): warning C4244: 'argument': conversion from 'Scalar' to 'float', possible loss of data
          with
          [
              Scalar=double
          ]
F:\Development\Projects\Visual Studio\GP\GamePhysicsExercises\Simulations_Ex3\util\matrixbase.h(774,61): warning C4244: 'argument': conversion from 'Scalar' to 'float', possible loss of data
          with
          [
              Scalar=double
          ]
F:\Development\Projects\Visual Studio\GP\GamePhysicsExercises\Simulations_Ex3\util\matrixbase.h(774,43): warning C4244: 'argument': conversion from 'Scalar' to 'float', possible loss of data
          with
          [
              Scalar=double
          ]
F:\Development\Projects\Visual Studio\GP\GamePhysicsExercises\Simulations_Ex3\pcgsolver.h(389,14): warning C4244: 'initializing': conversion from '__int64' to 'unsigned int', possible loss of data
F:\Development\Projects\Visual Studio\GP\GamePhysicsExercises\Simulations_Ex3\pcgsolver.h(667): message : see reference to function template instantiation 'void multiply<T>(const FixedSparseMatrix<T> &,const std::vector<double,std::allocator<double>> &,std::vector<double,std::allocator<double>> &)' being compiled
          with
          [
              T=Real
          ]
F:\Development\Projects\Visual Studio\GP\GamePhysicsExercises\Simulations_Ex3\pcgsolver.h(641): message : while compiling class template member function 'bool SparsePCGSolver<Real>::solve(const SparseMatrix<double> &,const std::vector<double,std::allocator<double>> &,std::vector<double,std::allocator<double>> &,T &,int &,int)'
          with
          [
              T=Real
          ]
F:\Development\Projects\Visual Studio\GP\GamePhysicsExercises\Simulations_Ex3\DiffusionSimulator.cpp(462): message : see reference to function template instantiation 'bool SparsePCGSolver<Real>::solve(const SparseMatrix<double> &,const std::vector<double,std::allocator<double>> &,std::vector<double,std::allocator<double>> &,T &,int &,int)' being compiled
          with
          [
              T=Real
          ]
F:\Development\Projects\Visual Studio\GP\GamePhysicsExercises\Simulations_Ex3\pcgsolver.h(395,4): warning C4244: '=': conversion from '__int64' to 'int', possible loss of data
  Demo_2017.vcxproj -> F:\Development\Projects\Visual Studio\GP\GamePhysicsExercises\Win32\Debug\Simulations.lib
